<?xml version="1.0" encoding="UTF-8"?>
<testng-results ignored="0" total="2" passed="2" failed="0" skipped="0">
  <reporter-output>
    <line>
      <![CDATA[Create driver: chrome]]>
    </line>
    <line>
      <![CDATA[Create driver: firefox]]>
    </line>
    <line>
      <![CDATA[Opening page: https://www.lego.com/es-es]]>
    </line>
    <line>
      <![CDATA[Page opened!]]>
    </line>
    <line>
      <![CDATA[Opening page: https://www.lego.com/es-es]]>
    </line>
    <line>
      <![CDATA[Accepting cookies]]>
    </line>
    <line>
      <![CDATA[Filtering by age 4+]]>
    </line>
    <line>
      <![CDATA[Page opened!]]>
    </line>
    <line>
      <![CDATA[Filtering by keychain from 0-20€]]>
    </line>
    <line>
      <![CDATA[There are 2 keychains available.]]>
    </line>
    <line>
      <![CDATA[Accepting cookies]]>
    </line>
    <line>
      <![CDATA[Number of result is: 2 keychains]]>
    </line>
    <line>
      <![CDATA[Selecting one of the keychains available]]>
    </line>
    <line>
      <![CDATA[Filtering by age 4+]]>
    </line>
    <line>
      <![CDATA[Survey was not requested]]>
    </line>
    <line>
      <![CDATA[Item's name is Llavero con luz de Stormtrooper™ LEGO® Star Wars™]]>
    </line>
    <line>
      <![CDATA[Item's price is 9.09]]>
    </line>
    <line>
      <![CDATA[Adding item into the cart]]>
    </line>
    <line>
      <![CDATA[Filtering by keychain from 0-20€]]>
    </line>
    <line>
      <![CDATA[Going to cart]]>
    </line>
    <line>
      <![CDATA[There are 2 keychains available.]]>
    </line>
    <line>
      <![CDATA[Number of result is: 2 keychains]]>
    </line>
    <line>
      <![CDATA[Selecting one of the keychains available]]>
    </line>
    <line>
      <![CDATA[Proceeding to checkout]]>
    </line>
    <line>
      <![CDATA[Item's name is: Llavero con luz de Stormtrooper™ LEGO® Star Wars™]]>
    </line>
    <line>
      <![CDATA[There is 1 item in the cart.]]>
    </line>
    <line>
      <![CDATA[Shipping cost is: 5.95]]>
    </line>
    <line>
      <![CDATA[Total price is: 15.04]]>
    </line>
    <line>
      <![CDATA[Survey was not requested]]>
    </line>
    <line>
      <![CDATA[Item's name is Llavero con luz de ladrillo 1x2 LEGO® (Rojo)]]>
    </line>
    <line>
      <![CDATA[Item's price is 7.19]]>
    </line>
    <line>
      <![CDATA[Adding item into the cart]]>
    </line>
    <line>
      <![CDATA[Going to cart]]>
    </line>
    <line>
      <![CDATA[Proceeding to checkout]]>
    </line>
    <line>
      <![CDATA[Item's name is: Llavero con luz de ladrillo 1x2 LEGO® (Rojo)]]>
    </line>
    <line>
      <![CDATA[There is 1 item in the cart.]]>
    </line>
    <line>
      <![CDATA[Shipping cost is: 5.95]]>
    </line>
    <line>
      <![CDATA[Total price is: 13.14]]>
    </line>
  </reporter-output>
  <suite started-at="2021-05-06T12:14:15 CEST" name="AllTests.xml" finished-at="2021-05-06T12:14:39 CEST" duration-ms="23441">
    <groups>
    </groups>
    <test started-at="2021-05-06T12:14:15 CEST" name="AutomationTestUsingChrome" finished-at="2021-05-06T12:14:33 CEST" duration-ms="18189">
      <class name="com.lego.automationTest.AutomationTest">
        <test-method is-config="true" signature="setup(java.lang.String)[pri:0, instance:com.lego.automationTest.AutomationTest@a3d8174]" started-at="2021-05-06T12:14:15 CEST" name="setup" finished-at="2021-05-06T12:14:17 CEST" duration-ms="1861" status="PASS">
          <params>
            <param index="0">
              <value>
                <![CDATA[chrome]]>
              </value>
            </param>
          </params>
          <reporter-output>
            <line>
              <![CDATA[Create driver: chrome]]>
            </line>
          </reporter-output>
        </test-method> <!-- setup -->
        <test-method signature="purchaseItem()[pri:0, instance:com.lego.automationTest.AutomationTest@a3d8174]" started-at="2021-05-06T12:14:17 CEST" name="purchaseItem" finished-at="2021-05-06T12:14:33 CEST" duration-ms="16271" status="PASS">
          <reporter-output>
            <line>
              <![CDATA[Opening page: https://www.lego.com/es-es]]>
            </line>
            <line>
              <![CDATA[Page opened!]]>
            </line>
            <line>
              <![CDATA[Accepting cookies]]>
            </line>
            <line>
              <![CDATA[Filtering by age 4+]]>
            </line>
            <line>
              <![CDATA[Filtering by keychain from 0-20€]]>
            </line>
            <line>
              <![CDATA[There are 2 keychains available.]]>
            </line>
            <line>
              <![CDATA[Number of result is: 2 keychains]]>
            </line>
            <line>
              <![CDATA[Selecting one of the keychains available]]>
            </line>
            <line>
              <![CDATA[Survey was not requested]]>
            </line>
            <line>
              <![CDATA[Item's name is Llavero con luz de Stormtrooper™ LEGO® Star Wars™]]>
            </line>
            <line>
              <![CDATA[Item's price is 9.09]]>
            </line>
            <line>
              <![CDATA[Adding item into the cart]]>
            </line>
            <line>
              <![CDATA[Going to cart]]>
            </line>
            <line>
              <![CDATA[Proceeding to checkout]]>
            </line>
            <line>
              <![CDATA[Item's name is: Llavero con luz de Stormtrooper™ LEGO® Star Wars™]]>
            </line>
            <line>
              <![CDATA[There is 1 item in the cart.]]>
            </line>
            <line>
              <![CDATA[Shipping cost is: 5.95]]>
            </line>
            <line>
              <![CDATA[Total price is: 15.04]]>
            </line>
          </reporter-output>
        </test-method> <!-- purchaseItem -->
        <test-method is-config="true" signature="tearDown()[pri:0, instance:com.lego.automationTest.AutomationTest@a3d8174]" started-at="2021-05-06T12:14:33 CEST" name="tearDown" finished-at="2021-05-06T12:14:33 CEST" duration-ms="0" status="PASS">
          <reporter-output>
          </reporter-output>
        </test-method> <!-- tearDown -->
      </class> <!-- com.lego.automationTest.AutomationTest -->
    </test> <!-- AutomationTestUsingChrome -->
    <test started-at="2021-05-06T12:14:15 CEST" name="AutomationTestUsingFirefox" finished-at="2021-05-06T12:14:39 CEST" duration-ms="23441">
      <class name="com.lego.automationTest.AutomationTest">
        <test-method is-config="true" signature="setup(java.lang.String)[pri:0, instance:com.lego.automationTest.AutomationTest@48f278eb]" started-at="2021-05-06T12:14:15 CEST" name="setup" finished-at="2021-05-06T12:14:22 CEST" duration-ms="6197" status="PASS">
          <params>
            <param index="0">
              <value>
                <![CDATA[firefox]]>
              </value>
            </param>
          </params>
          <reporter-output>
            <line>
              <![CDATA[Create driver: firefox]]>
            </line>
          </reporter-output>
        </test-method> <!-- setup -->
        <test-method signature="purchaseItem()[pri:0, instance:com.lego.automationTest.AutomationTest@48f278eb]" started-at="2021-05-06T12:14:22 CEST" name="purchaseItem" finished-at="2021-05-06T12:14:39 CEST" duration-ms="17193" status="PASS">
          <reporter-output>
            <line>
              <![CDATA[Opening page: https://www.lego.com/es-es]]>
            </line>
            <line>
              <![CDATA[Page opened!]]>
            </line>
            <line>
              <![CDATA[Accepting cookies]]>
            </line>
            <line>
              <![CDATA[Filtering by age 4+]]>
            </line>
            <line>
              <![CDATA[Filtering by keychain from 0-20€]]>
            </line>
            <line>
              <![CDATA[There are 2 keychains available.]]>
            </line>
            <line>
              <![CDATA[Number of result is: 2 keychains]]>
            </line>
            <line>
              <![CDATA[Selecting one of the keychains available]]>
            </line>
            <line>
              <![CDATA[Survey was not requested]]>
            </line>
            <line>
              <![CDATA[Item's name is Llavero con luz de ladrillo 1x2 LEGO® (Rojo)]]>
            </line>
            <line>
              <![CDATA[Item's price is 7.19]]>
            </line>
            <line>
              <![CDATA[Adding item into the cart]]>
            </line>
            <line>
              <![CDATA[Going to cart]]>
            </line>
            <line>
              <![CDATA[Proceeding to checkout]]>
            </line>
            <line>
              <![CDATA[Item's name is: Llavero con luz de ladrillo 1x2 LEGO® (Rojo)]]>
            </line>
            <line>
              <![CDATA[There is 1 item in the cart.]]>
            </line>
            <line>
              <![CDATA[Shipping cost is: 5.95]]>
            </line>
            <line>
              <![CDATA[Total price is: 13.14]]>
            </line>
          </reporter-output>
        </test-method> <!-- purchaseItem -->
        <test-method is-config="true" signature="tearDown()[pri:0, instance:com.lego.automationTest.AutomationTest@48f278eb]" started-at="2021-05-06T12:14:39 CEST" name="tearDown" finished-at="2021-05-06T12:14:39 CEST" duration-ms="0" status="PASS">
          <reporter-output>
          </reporter-output>
        </test-method> <!-- tearDown -->
      </class> <!-- com.lego.automationTest.AutomationTest -->
    </test> <!-- AutomationTestUsingFirefox -->
  </suite> <!-- AllTests.xml -->
</testng-results>
